Listening for transport dt_socket at address: 8000
:api:compileJava UP-TO-DATE
:api:processResources UP-TO-DATE
:api:classes UP-TO-DATE
:api:jar UP-TO-DATE
:mgt:compileJava UP-TO-DATE
:mgt:processV3Resources UP-TO-DATE
:mgt:processResources
:mgt:classes
:mgt:cleanEclipseOutput
:mgt:jettyRunSLF4J: Class path contains multiple SLF4J bindings.
SLF4J: Found binding in [jar:file:/E:/worksoft/gradle-2.1/lib/logback-classic-1.0.13.jar!/org/slf4j/impl/StaticLoggerBinder.class]
SLF4J: Found binding in [jar:file:/C:/Users/Administrator/.gradle-etoc-mgt/caches/modules-2/files-2.1/org.slf4j/slf4j-log4j12/1.7.6/6953717b9850aeb26d1b8375ca07dbd9c50eca4e/slf4j-log4j12-1.7.6.jar!/org/slf4j/impl/StaticLoggerBinder.class]
SLF4J: See http://www.slf4j.org/codes.html#multiple_bindings for an explanation.
SLF4J: Actual binding is of type [org.slf4j.impl.Log4jLoggerFactory]
log4j:WARN No appenders could be found for logger (org.springframework.web.context.ContextLoader).
log4j:WARN Please initialize the log4j system properly.
log4j:WARN See http://logging.apache.org/log4j/1.2/faq.html#noconfig for more info.

come on
PWC6117: File "E:\worksoft\2015space\etocwork\WeFlow\Server\etoc-wf\src\etoc-snapshot\mgt\src\main\webapp\WEB-INF\views\themes\default\test.jsp" not found
come on
PWC6117: File "E:\worksoft\2015space\etocwork\WeFlow\Server\etoc-wf\src\etoc-snapshot\mgt\src\main\webapp\WEB-INF\views\themes\default\test.jsp" not found
come on
PWC6117: File "E:\worksoft\2015space\etocwork\WeFlow\Server\etoc-wf\src\etoc-snapshot\mgt\src\main\webapp\WEB-INF\views\themes\default\test.jsp" not found
come on
PWC6117: File "E:\worksoft\2015space\etocwork\WeFlow\Server\etoc-wf\src\etoc-snapshot\mgt\src\main\webapp\WEB-INF\views\themes\default\test.jsp" not found
come on
PWC6117: File "E:\worksoft\2015space\etocwork\WeFlow\Server\etoc-wf\src\etoc-snapshot\mgt\src\main\webapp\WEB-INF\views\themes\default\test.jsp" not found
come on
PWC6117: File "E:\worksoft\2015space\etocwork\WeFlow\Server\etoc-wf\src\etoc-snapshot\mgt\src\main\webapp\WEB-INF\views\themes\default\test.jsp" not found
come on
PWC6117: File "E:\worksoft\2015space\etocwork\WeFlow\Server\etoc-wf\src\etoc-snapshot\mgt\src\main\webapp\WEB-INF\views\themes\default\test.jsp" not found
come on
PWC6117: File "E:\worksoft\2015space\etocwork\WeFlow\Server\etoc-wf\src\etoc-snapshot\mgt\src\main\webapp\WEB-INF\views\themes\default\test.jsp" not found
come on
PWC6117: File "E:\worksoft\2015space\etocwork\WeFlow\Server\etoc-wf\src\etoc-snapshot\mgt\src\main\webapp\WEB-INF\views\themes\default\test.jsp" not found
